ERROR:root:Tree size must be one of: XL,L,M,XXL,S
ERROR:root:Cannot cut_down_tree(): Lumberjack has no tree!
INFO:root:Starting up the forestry program
INFO:root:Instantiated a tree
INFO:root:Instantiated a Lumberjack
INFO:root:tree.get_boards method called
INFO:root:Lumberjack.tree cut down
INFO:root:Instantiated a tree
INFO:root:Instantiated a Lumberjack
INFO:root:tree.get_boards method called
INFO:root:Lumberjack.tree cut down
INFO:root:Instantiated a tree
INFO:root:Instantiated a Lumberjack
INFO:root:tree.get_boards method called
INFO:root:Lumberjack.tree cut down
INFO:root:Instantiated a tree
INFO:root:Instantiated a Lumberjack
INFO:root:tree.get_boards method called
INFO:root:Lumberjack.tree cut down
INFO:root:Instantiated a tree
INFO:root:Instantiated a Lumberjack
INFO:root:tree.get_boards method called
INFO:root:Lumberjack.tree cut down
ERROR:root:Tree size must be one of: XXL,XL,L,S,M
INFO:root:Instantiated a Lumberjack
ERROR:root:Cannot cut_down_tree(): Lumberjack has no tree!
INFO:root:Instantiated a tree
INFO:root:tree.get_boards method called
INFO:root:Instantiated a tree
INFO:root:tree.get_boards method called
INFO:root:Instantiated a tree
INFO:root:tree.get_boards method called
INFO:root:Instantiated a tree
INFO:root:tree.get_boards method called
INFO:root:Instantiated a tree
INFO:root:tree.get_boards method called
INFO:root:Instantiated a tree
2015-12-16 16:09:08,126 root:INFO:forestry.py function:start_logging line:22 Starting up the forestry program
2015-12-16 16:09:08,130 root:INFO:forestry.py function:__init__ line:35 Instantiated a tree
2015-12-16 16:09:08,130 root:INFO:forestry.py function:__init__ line:51 Instantiated a Lumberjack
2015-12-16 16:09:08,130 root:INFO:forestry.py function:get_boards line:39 tree.get_boards method called
2015-12-16 16:09:08,130 root:INFO:forestry.py function:cut_down_tree line:62 Lumberjack.tree cut down
2015-12-16 16:09:08,130 root:INFO:forestry.py function:__init__ line:35 Instantiated a tree
2015-12-16 16:09:08,130 root:INFO:forestry.py function:__init__ line:51 Instantiated a Lumberjack
2015-12-16 16:09:08,130 root:INFO:forestry.py function:get_boards line:39 tree.get_boards method called
2015-12-16 16:09:08,131 root:INFO:forestry.py function:cut_down_tree line:62 Lumberjack.tree cut down
2015-12-16 16:09:08,131 root:INFO:forestry.py function:__init__ line:35 Instantiated a tree
2015-12-16 16:09:08,131 root:INFO:forestry.py function:__init__ line:51 Instantiated a Lumberjack
2015-12-16 16:09:08,131 root:INFO:forestry.py function:get_boards line:39 tree.get_boards method called
2015-12-16 16:09:08,131 root:INFO:forestry.py function:cut_down_tree line:62 Lumberjack.tree cut down
2015-12-16 16:09:08,131 root:INFO:forestry.py function:__init__ line:35 Instantiated a tree
2015-12-16 16:09:08,131 root:INFO:forestry.py function:__init__ line:51 Instantiated a Lumberjack
2015-12-16 16:09:08,131 root:INFO:forestry.py function:get_boards line:39 tree.get_boards method called
2015-12-16 16:09:08,131 root:INFO:forestry.py function:cut_down_tree line:62 Lumberjack.tree cut down
2015-12-16 16:09:08,131 root:INFO:forestry.py function:__init__ line:35 Instantiated a tree
2015-12-16 16:09:08,131 root:INFO:forestry.py function:__init__ line:51 Instantiated a Lumberjack
2015-12-16 16:09:08,131 root:INFO:forestry.py function:get_boards line:39 tree.get_boards method called
2015-12-16 16:09:08,131 root:INFO:forestry.py function:cut_down_tree line:62 Lumberjack.tree cut down
2015-12-16 16:09:08,131 root:ERROR:forestry.py function:__init__ line:32 Tree size must be one of: XL,M,S,XXL,L
2015-12-16 16:09:08,132 root:INFO:forestry.py function:__init__ line:51 Instantiated a Lumberjack
2015-12-16 16:09:08,132 root:ERROR:forestry.py function:cut_down_tree line:58 Cannot cut_down_tree(): Lumberjack has no tree!
2015-12-16 16:09:08,132 root:INFO:forestry.py function:__init__ line:35 Instantiated a tree
2015-12-16 16:09:08,132 root:INFO:forestry.py function:get_boards line:39 tree.get_boards method called
2015-12-16 16:09:08,132 root:INFO:forestry.py function:__init__ line:35 Instantiated a tree
2015-12-16 16:09:08,132 root:INFO:forestry.py function:get_boards line:39 tree.get_boards method called
2015-12-16 16:09:08,132 root:INFO:forestry.py function:__init__ line:35 Instantiated a tree
2015-12-16 16:09:08,132 root:INFO:forestry.py function:get_boards line:39 tree.get_boards method called
2015-12-16 16:09:08,132 root:INFO:forestry.py function:__init__ line:35 Instantiated a tree
2015-12-16 16:09:08,132 root:INFO:forestry.py function:get_boards line:39 tree.get_boards method called
2015-12-16 16:09:08,133 root:INFO:forestry.py function:__init__ line:35 Instantiated a tree
2015-12-16 16:09:08,133 root:INFO:forestry.py function:get_boards line:39 tree.get_boards method called
2015-12-16 16:09:08,133 root:INFO:forestry.py function:__init__ line:35 Instantiated a tree
